Start
All test cases passed
epoch: 0 train accuracy: 29.00, loss: 1.07781
epoch: 1 train accuracy: 78.00, loss: 0.86159
epoch: 2 train accuracy: 85.00, loss: 0.73654
epoch: 3 train accuracy: 87.00, loss: 0.65611
epoch: 4 train accuracy: 87.00, loss: 0.59946
epoch: 5 train accuracy: 87.00, loss: 0.55700
epoch: 6 train accuracy: 87.00, loss: 0.52371
epoch: 7 train accuracy: 87.00, loss: 0.49673
epoch: 8 train accuracy: 87.00, loss: 0.47431
epoch: 9 train accuracy: 88.00, loss: 0.45531
epoch: 10 train accuracy: 87.00, loss: 0.43895
epoch: 11 train accuracy: 87.00, loss: 0.42468
epoch: 12 train accuracy: 88.00, loss: 0.41208
epoch: 13 train accuracy: 89.00, loss: 0.40086
epoch: 14 train accuracy: 90.00, loss: 0.39078
epoch: 15 train accuracy: 90.00, loss: 0.38166
epoch: 16 train accuracy: 90.00, loss: 0.37335
epoch: 17 train accuracy: 90.00, loss: 0.36573
epoch: 18 train accuracy: 90.00, loss: 0.35870
epoch: 19 train accuracy: 90.00, loss: 0.35220
epoch: 20 train accuracy: 90.00, loss: 0.34615
epoch: 21 train accuracy: 90.00, loss: 0.34049
epoch: 22 train accuracy: 90.00, loss: 0.33518
epoch: 23 train accuracy: 90.00, loss: 0.33019
epoch: 24 train accuracy: 90.00, loss: 0.32547
epoch: 25 train accuracy: 90.00, loss: 0.32100
epoch: 26 train accuracy: 90.00, loss: 0.31676
epoch: 27 train accuracy: 90.00, loss: 0.31271
epoch: 28 train accuracy: 91.00, loss: 0.30885
epoch: 29 train accuracy: 91.00, loss: 0.30515
epoch: 30 train accuracy: 91.00, loss: 0.30161
epoch: 31 train accuracy: 91.00, loss: 0.29821
epoch: 32 train accuracy: 91.00, loss: 0.29493
epoch: 33 train accuracy: 91.00, loss: 0.29177
epoch: 34 train accuracy: 92.00, loss: 0.28872
epoch: 35 train accuracy: 92.00, loss: 0.28577
epoch: 36 train accuracy: 92.00, loss: 0.28291
epoch: 37 train accuracy: 92.00, loss: 0.28014
epoch: 38 train accuracy: 92.00, loss: 0.27746
epoch: 39 train accuracy: 92.00, loss: 0.27484
epoch: 40 train accuracy: 92.00, loss: 0.27230
epoch: 41 train accuracy: 92.00, loss: 0.26983
epoch: 42 train accuracy: 92.00, loss: 0.26742
epoch: 43 train accuracy: 92.00, loss: 0.26507
epoch: 44 train accuracy: 92.00, loss: 0.26278
epoch: 45 train accuracy: 92.00, loss: 0.26054
epoch: 46 train accuracy: 92.00, loss: 0.25835
epoch: 47 train accuracy: 92.00, loss: 0.25621
epoch: 48 train accuracy: 92.00, loss: 0.25412
epoch: 49 train accuracy: 92.00, loss: 0.25207
epoch: 50 train accuracy: 92.00, loss: 0.25006
epoch: 51 train accuracy: 92.00, loss: 0.24809
epoch: 52 train accuracy: 92.00, loss: 0.24616
epoch: 53 train accuracy: 92.00, loss: 0.24426
epoch: 54 train accuracy: 92.00, loss: 0.24240
epoch: 55 train accuracy: 92.00, loss: 0.24057
epoch: 56 train accuracy: 92.00, loss: 0.23878
epoch: 57 train accuracy: 92.00, loss: 0.23702
epoch: 58 train accuracy: 92.00, loss: 0.23529
epoch: 59 train accuracy: 92.00, loss: 0.23359
epoch: 60 train accuracy: 92.00, loss: 0.23192
epoch: 61 train accuracy: 92.00, loss: 0.23027
epoch: 62 train accuracy: 92.00, loss: 0.22866
epoch: 63 train accuracy: 92.00, loss: 0.22708
epoch: 64 train accuracy: 92.00, loss: 0.22551
epoch: 65 train accuracy: 92.00, loss: 0.22398
epoch: 66 train accuracy: 93.00, loss: 0.22246
epoch: 67 train accuracy: 93.00, loss: 0.22097
epoch: 68 train accuracy: 93.00, loss: 0.21950
epoch: 69 train accuracy: 93.00, loss: 0.21804
epoch: 70 train accuracy: 93.00, loss: 0.21661
epoch: 71 train accuracy: 93.00, loss: 0.21520
epoch: 72 train accuracy: 93.00, loss: 0.21381
epoch: 73 train accuracy: 93.00, loss: 0.21244
epoch: 74 train accuracy: 93.00, loss: 0.21109
epoch: 75 train accuracy: 93.00, loss: 0.20975
epoch: 76 train accuracy: 93.00, loss: 0.20844
epoch: 77 train accuracy: 93.00, loss: 0.20714
epoch: 78 train accuracy: 94.00, loss: 0.20586
epoch: 79 train accuracy: 94.00, loss: 0.20459
epoch: 80 train accuracy: 94.00, loss: 0.20335
epoch: 81 train accuracy: 94.00, loss: 0.20212
epoch: 82 train accuracy: 94.00, loss: 0.20090
epoch: 83 train accuracy: 94.00, loss: 0.19972
epoch: 84 train accuracy: 94.00, loss: 0.19854
epoch: 85 train accuracy: 94.00, loss: 0.19738
epoch: 86 train accuracy: 94.00, loss: 0.19624
epoch: 87 train accuracy: 94.00, loss: 0.19510
epoch: 88 train accuracy: 94.00, loss: 0.19399
epoch: 89 train accuracy: 94.00, loss: 0.19289
epoch: 90 train accuracy: 94.00, loss: 0.19180
epoch: 91 train accuracy: 94.00, loss: 0.19072
epoch: 92 train accuracy: 94.00, loss: 0.18965
epoch: 93 train accuracy: 94.00, loss: 0.18860
epoch: 94 train accuracy: 94.00, loss: 0.18756
epoch: 95 train accuracy: 94.00, loss: 0.18653
epoch: 96 train accuracy: 94.00, loss: 0.18551
epoch: 97 train accuracy: 94.00, loss: 0.18450
epoch: 98 train accuracy: 94.00, loss: 0.18350
epoch: 99 train accuracy: 95.00, loss: 0.18251
test accuracy: 86.00
Done
