Start
All test cases passed
epoch: 0 train accuracy: 21.00, loss: 1.14014
epoch: 1 train accuracy: 72.00, loss: 0.88330
epoch: 2 train accuracy: 77.00, loss: 0.73751
epoch: 3 train accuracy: 76.00, loss: 0.65072
epoch: 4 train accuracy: 78.00, loss: 0.59354
epoch: 5 train accuracy: 79.00, loss: 0.55237
epoch: 6 train accuracy: 83.00, loss: 0.52082
epoch: 7 train accuracy: 83.00, loss: 0.49560
epoch: 8 train accuracy: 83.00, loss: 0.47484
epoch: 9 train accuracy: 84.00, loss: 0.45735
epoch: 10 train accuracy: 84.00, loss: 0.44238
epoch: 11 train accuracy: 84.00, loss: 0.42938
epoch: 12 train accuracy: 84.00, loss: 0.41796
epoch: 13 train accuracy: 84.00, loss: 0.40782
epoch: 14 train accuracy: 85.00, loss: 0.39875
epoch: 15 train accuracy: 85.00, loss: 0.39055
epoch: 16 train accuracy: 85.00, loss: 0.38311
epoch: 17 train accuracy: 86.00, loss: 0.37629
epoch: 18 train accuracy: 86.00, loss: 0.37001
epoch: 19 train accuracy: 86.00, loss: 0.36420
epoch: 20 train accuracy: 87.00, loss: 0.35879
epoch: 21 train accuracy: 87.00, loss: 0.35373
epoch: 22 train accuracy: 88.00, loss: 0.34899
epoch: 23 train accuracy: 88.00, loss: 0.34451
epoch: 24 train accuracy: 87.00, loss: 0.34028
epoch: 25 train accuracy: 87.00, loss: 0.33627
epoch: 26 train accuracy: 87.00, loss: 0.33244
epoch: 27 train accuracy: 88.00, loss: 0.32880
epoch: 28 train accuracy: 88.00, loss: 0.32531
epoch: 29 train accuracy: 89.00, loss: 0.32197
epoch: 30 train accuracy: 89.00, loss: 0.31876
epoch: 31 train accuracy: 89.00, loss: 0.31566
epoch: 32 train accuracy: 89.00, loss: 0.31267
epoch: 33 train accuracy: 89.00, loss: 0.30978
epoch: 34 train accuracy: 89.00, loss: 0.30698
epoch: 35 train accuracy: 89.00, loss: 0.30426
epoch: 36 train accuracy: 89.00, loss: 0.30162
epoch: 37 train accuracy: 89.00, loss: 0.29905
epoch: 38 train accuracy: 89.00, loss: 0.29655
epoch: 39 train accuracy: 90.00, loss: 0.29410
epoch: 40 train accuracy: 90.00, loss: 0.29172
epoch: 41 train accuracy: 90.00, loss: 0.28939
epoch: 42 train accuracy: 90.00, loss: 0.28711
epoch: 43 train accuracy: 90.00, loss: 0.28487
epoch: 44 train accuracy: 90.00, loss: 0.28268
epoch: 45 train accuracy: 90.00, loss: 0.28053
epoch: 46 train accuracy: 91.00, loss: 0.27842
epoch: 47 train accuracy: 91.00, loss: 0.27635
epoch: 48 train accuracy: 91.00, loss: 0.27432
epoch: 49 train accuracy: 91.00, loss: 0.27232
epoch: 50 train accuracy: 91.00, loss: 0.27036
epoch: 51 train accuracy: 91.00, loss: 0.26843
epoch: 52 train accuracy: 91.00, loss: 0.26653
epoch: 53 train accuracy: 91.00, loss: 0.26466
epoch: 54 train accuracy: 91.00, loss: 0.26281
epoch: 55 train accuracy: 91.00, loss: 0.26098
epoch: 56 train accuracy: 91.00, loss: 0.25918
epoch: 57 train accuracy: 91.00, loss: 0.25740
epoch: 58 train accuracy: 91.00, loss: 0.25564
epoch: 59 train accuracy: 91.00, loss: 0.25391
epoch: 60 train accuracy: 91.00, loss: 0.25219
epoch: 61 train accuracy: 92.00, loss: 0.25050
epoch: 62 train accuracy: 92.00, loss: 0.24883
epoch: 63 train accuracy: 92.00, loss: 0.24718
epoch: 64 train accuracy: 92.00, loss: 0.24555
epoch: 65 train accuracy: 92.00, loss: 0.24394
epoch: 66 train accuracy: 92.00, loss: 0.24236
epoch: 67 train accuracy: 92.00, loss: 0.24080
epoch: 68 train accuracy: 92.00, loss: 0.23925
epoch: 69 train accuracy: 92.00, loss: 0.23771
epoch: 70 train accuracy: 92.00, loss: 0.23620
epoch: 71 train accuracy: 92.00, loss: 0.23469
epoch: 72 train accuracy: 92.00, loss: 0.23321
epoch: 73 train accuracy: 92.00, loss: 0.23173
epoch: 74 train accuracy: 92.00, loss: 0.23028
epoch: 75 train accuracy: 92.00, loss: 0.22883
epoch: 76 train accuracy: 92.00, loss: 0.22740
epoch: 77 train accuracy: 92.00, loss: 0.22598
epoch: 78 train accuracy: 92.00, loss: 0.22458
epoch: 79 train accuracy: 92.00, loss: 0.22319
epoch: 80 train accuracy: 92.00, loss: 0.22182
epoch: 81 train accuracy: 92.00, loss: 0.22046
epoch: 82 train accuracy: 92.00, loss: 0.21912
epoch: 83 train accuracy: 92.00, loss: 0.21778
epoch: 84 train accuracy: 91.00, loss: 0.21646
epoch: 85 train accuracy: 91.00, loss: 0.21514
epoch: 86 train accuracy: 91.00, loss: 0.21385
epoch: 87 train accuracy: 91.00, loss: 0.21256
epoch: 88 train accuracy: 91.00, loss: 0.21129
epoch: 89 train accuracy: 92.00, loss: 0.21002
epoch: 90 train accuracy: 93.00, loss: 0.20877
epoch: 91 train accuracy: 93.00, loss: 0.20752
epoch: 92 train accuracy: 93.00, loss: 0.20629
epoch: 93 train accuracy: 93.00, loss: 0.20507
epoch: 94 train accuracy: 93.00, loss: 0.20385
epoch: 95 train accuracy: 93.00, loss: 0.20265
epoch: 96 train accuracy: 93.00, loss: 0.20146
epoch: 97 train accuracy: 93.00, loss: 0.20028
epoch: 98 train accuracy: 93.00, loss: 0.19911
epoch: 99 train accuracy: 93.00, loss: 0.19795
test accuracy: 94.00
Done
