Start
All test cases passed
epoch: 0 train accuracy: 54.00, loss: 1.02782
epoch: 1 train accuracy: 82.00, loss: 0.90917
epoch: 2 train accuracy: 89.00, loss: 0.81981
epoch: 3 train accuracy: 89.00, loss: 0.75076
epoch: 4 train accuracy: 87.00, loss: 0.69615
epoch: 5 train accuracy: 87.00, loss: 0.65205
epoch: 6 train accuracy: 86.00, loss: 0.61579
epoch: 7 train accuracy: 85.00, loss: 0.58547
epoch: 8 train accuracy: 85.00, loss: 0.55973
epoch: 9 train accuracy: 84.00, loss: 0.53760
epoch: 10 train accuracy: 84.00, loss: 0.51834
epoch: 11 train accuracy: 84.00, loss: 0.50140
epoch: 12 train accuracy: 85.00, loss: 0.48635
epoch: 13 train accuracy: 85.00, loss: 0.47287
epoch: 14 train accuracy: 85.00, loss: 0.46070
epoch: 15 train accuracy: 85.00, loss: 0.44962
epoch: 16 train accuracy: 85.00, loss: 0.43947
epoch: 17 train accuracy: 86.00, loss: 0.43011
epoch: 18 train accuracy: 86.00, loss: 0.42144
epoch: 19 train accuracy: 86.00, loss: 0.41337
epoch: 20 train accuracy: 86.00, loss: 0.40582
epoch: 21 train accuracy: 87.00, loss: 0.39874
epoch: 22 train accuracy: 87.00, loss: 0.39206
epoch: 23 train accuracy: 87.00, loss: 0.38574
epoch: 24 train accuracy: 88.00, loss: 0.37975
epoch: 25 train accuracy: 88.00, loss: 0.37405
epoch: 26 train accuracy: 89.00, loss: 0.36861
epoch: 27 train accuracy: 89.00, loss: 0.36341
epoch: 28 train accuracy: 89.00, loss: 0.35843
epoch: 29 train accuracy: 89.00, loss: 0.35364
epoch: 30 train accuracy: 91.00, loss: 0.34905
epoch: 31 train accuracy: 91.00, loss: 0.34461
epoch: 32 train accuracy: 91.00, loss: 0.34034
epoch: 33 train accuracy: 91.00, loss: 0.33620
epoch: 34 train accuracy: 91.00, loss: 0.33220
epoch: 35 train accuracy: 91.00, loss: 0.32832
epoch: 36 train accuracy: 91.00, loss: 0.32456
epoch: 37 train accuracy: 91.00, loss: 0.32091
epoch: 38 train accuracy: 91.00, loss: 0.31736
epoch: 39 train accuracy: 92.00, loss: 0.31391
epoch: 40 train accuracy: 92.00, loss: 0.31055
epoch: 41 train accuracy: 92.00, loss: 0.30728
epoch: 42 train accuracy: 92.00, loss: 0.30408
epoch: 43 train accuracy: 92.00, loss: 0.30097
epoch: 44 train accuracy: 92.00, loss: 0.29793
epoch: 45 train accuracy: 94.00, loss: 0.29497
epoch: 46 train accuracy: 94.00, loss: 0.29207
epoch: 47 train accuracy: 94.00, loss: 0.28923
epoch: 48 train accuracy: 94.00, loss: 0.28646
epoch: 49 train accuracy: 94.00, loss: 0.28374
epoch: 50 train accuracy: 94.00, loss: 0.28109
epoch: 51 train accuracy: 94.00, loss: 0.27848
epoch: 52 train accuracy: 94.00, loss: 0.27593
epoch: 53 train accuracy: 94.00, loss: 0.27343
epoch: 54 train accuracy: 94.00, loss: 0.27099
epoch: 55 train accuracy: 93.00, loss: 0.26858
epoch: 56 train accuracy: 93.00, loss: 0.26623
epoch: 57 train accuracy: 93.00, loss: 0.26392
epoch: 58 train accuracy: 93.00, loss: 0.26165
epoch: 59 train accuracy: 93.00, loss: 0.25942
epoch: 60 train accuracy: 93.00, loss: 0.25724
epoch: 61 train accuracy: 94.00, loss: 0.25509
epoch: 62 train accuracy: 94.00, loss: 0.25298
epoch: 63 train accuracy: 94.00, loss: 0.25091
epoch: 64 train accuracy: 94.00, loss: 0.24887
epoch: 65 train accuracy: 94.00, loss: 0.24687
epoch: 66 train accuracy: 94.00, loss: 0.24490
epoch: 67 train accuracy: 94.00, loss: 0.24296
epoch: 68 train accuracy: 94.00, loss: 0.24105
epoch: 69 train accuracy: 94.00, loss: 0.23917
epoch: 70 train accuracy: 94.00, loss: 0.23732
epoch: 71 train accuracy: 94.00, loss: 0.23551
epoch: 72 train accuracy: 94.00, loss: 0.23372
epoch: 73 train accuracy: 94.00, loss: 0.23196
epoch: 74 train accuracy: 94.00, loss: 0.23023
epoch: 75 train accuracy: 94.00, loss: 0.22853
epoch: 76 train accuracy: 94.00, loss: 0.22686
epoch: 77 train accuracy: 94.00, loss: 0.22521
epoch: 78 train accuracy: 94.00, loss: 0.22358
epoch: 79 train accuracy: 94.00, loss: 0.22198
epoch: 80 train accuracy: 94.00, loss: 0.22040
epoch: 81 train accuracy: 94.00, loss: 0.21884
epoch: 82 train accuracy: 94.00, loss: 0.21731
epoch: 83 train accuracy: 94.00, loss: 0.21580
epoch: 84 train accuracy: 94.00, loss: 0.21431
epoch: 85 train accuracy: 94.00, loss: 0.21285
epoch: 86 train accuracy: 94.00, loss: 0.21140
epoch: 87 train accuracy: 94.00, loss: 0.20998
epoch: 88 train accuracy: 94.00, loss: 0.20858
epoch: 89 train accuracy: 94.00, loss: 0.20719
epoch: 90 train accuracy: 94.00, loss: 0.20583
epoch: 91 train accuracy: 94.00, loss: 0.20449
epoch: 92 train accuracy: 94.00, loss: 0.20316
epoch: 93 train accuracy: 94.00, loss: 0.20186
epoch: 94 train accuracy: 94.00, loss: 0.20057
epoch: 95 train accuracy: 94.00, loss: 0.19930
epoch: 96 train accuracy: 94.00, loss: 0.19804
epoch: 97 train accuracy: 94.00, loss: 0.19680
epoch: 98 train accuracy: 94.00, loss: 0.19558
epoch: 99 train accuracy: 94.00, loss: 0.19438
test accuracy: 100.00
Done
