Start
All test cases passed
epoch: 0 train accuracy: 8.00, loss: 1.14972
epoch: 1 train accuracy: 66.00, loss: 0.95508
epoch: 2 train accuracy: 69.00, loss: 0.82738
epoch: 3 train accuracy: 70.00, loss: 0.74007
epoch: 4 train accuracy: 76.00, loss: 0.67713
epoch: 5 train accuracy: 78.00, loss: 0.62941
epoch: 6 train accuracy: 78.00, loss: 0.59170
epoch: 7 train accuracy: 78.00, loss: 0.56090
epoch: 8 train accuracy: 79.00, loss: 0.53509
epoch: 9 train accuracy: 79.00, loss: 0.51304
epoch: 10 train accuracy: 81.00, loss: 0.49389
epoch: 11 train accuracy: 83.00, loss: 0.47707
epoch: 12 train accuracy: 84.00, loss: 0.46213
epoch: 13 train accuracy: 85.00, loss: 0.44875
epoch: 14 train accuracy: 86.00, loss: 0.43669
epoch: 15 train accuracy: 87.00, loss: 0.42573
epoch: 16 train accuracy: 87.00, loss: 0.41573
epoch: 17 train accuracy: 87.00, loss: 0.40654
epoch: 18 train accuracy: 87.00, loss: 0.39806
epoch: 19 train accuracy: 87.00, loss: 0.39020
epoch: 20 train accuracy: 88.00, loss: 0.38289
epoch: 21 train accuracy: 88.00, loss: 0.37606
epoch: 22 train accuracy: 88.00, loss: 0.36966
epoch: 23 train accuracy: 88.00, loss: 0.36363
epoch: 24 train accuracy: 87.00, loss: 0.35795
epoch: 25 train accuracy: 87.00, loss: 0.35257
epoch: 26 train accuracy: 87.00, loss: 0.34747
epoch: 27 train accuracy: 87.00, loss: 0.34262
epoch: 28 train accuracy: 87.00, loss: 0.33799
epoch: 29 train accuracy: 87.00, loss: 0.33357
epoch: 30 train accuracy: 87.00, loss: 0.32934
epoch: 31 train accuracy: 87.00, loss: 0.32527
epoch: 32 train accuracy: 87.00, loss: 0.32137
epoch: 33 train accuracy: 87.00, loss: 0.31760
epoch: 34 train accuracy: 87.00, loss: 0.31398
epoch: 35 train accuracy: 88.00, loss: 0.31048
epoch: 36 train accuracy: 88.00, loss: 0.30709
epoch: 37 train accuracy: 88.00, loss: 0.30382
epoch: 38 train accuracy: 89.00, loss: 0.30064
epoch: 39 train accuracy: 89.00, loss: 0.29756
epoch: 40 train accuracy: 89.00, loss: 0.29457
epoch: 41 train accuracy: 89.00, loss: 0.29166
epoch: 42 train accuracy: 89.00, loss: 0.28883
epoch: 43 train accuracy: 89.00, loss: 0.28607
epoch: 44 train accuracy: 89.00, loss: 0.28338
epoch: 45 train accuracy: 89.00, loss: 0.28075
epoch: 46 train accuracy: 89.00, loss: 0.27818
epoch: 47 train accuracy: 90.00, loss: 0.27568
epoch: 48 train accuracy: 90.00, loss: 0.27323
epoch: 49 train accuracy: 91.00, loss: 0.27083
epoch: 50 train accuracy: 91.00, loss: 0.26848
epoch: 51 train accuracy: 91.00, loss: 0.26618
epoch: 52 train accuracy: 91.00, loss: 0.26392
epoch: 53 train accuracy: 91.00, loss: 0.26171
epoch: 54 train accuracy: 91.00, loss: 0.25954
epoch: 55 train accuracy: 91.00, loss: 0.25741
epoch: 56 train accuracy: 93.00, loss: 0.25531
epoch: 57 train accuracy: 93.00, loss: 0.25325
epoch: 58 train accuracy: 93.00, loss: 0.25122
epoch: 59 train accuracy: 93.00, loss: 0.24922
epoch: 60 train accuracy: 93.00, loss: 0.24726
epoch: 61 train accuracy: 93.00, loss: 0.24533
epoch: 62 train accuracy: 93.00, loss: 0.24342
epoch: 63 train accuracy: 93.00, loss: 0.24155
epoch: 64 train accuracy: 93.00, loss: 0.23970
epoch: 65 train accuracy: 93.00, loss: 0.23788
epoch: 66 train accuracy: 93.00, loss: 0.23608
epoch: 67 train accuracy: 93.00, loss: 0.23432
epoch: 68 train accuracy: 93.00, loss: 0.23257
epoch: 69 train accuracy: 93.00, loss: 0.23085
epoch: 70 train accuracy: 93.00, loss: 0.22915
epoch: 71 train accuracy: 93.00, loss: 0.22748
epoch: 72 train accuracy: 93.00, loss: 0.22583
epoch: 73 train accuracy: 93.00, loss: 0.22420
epoch: 74 train accuracy: 93.00, loss: 0.22259
epoch: 75 train accuracy: 93.00, loss: 0.22100
epoch: 76 train accuracy: 93.00, loss: 0.21943
epoch: 77 train accuracy: 93.00, loss: 0.21788
epoch: 78 train accuracy: 93.00, loss: 0.21634
epoch: 79 train accuracy: 93.00, loss: 0.21483
epoch: 80 train accuracy: 94.00, loss: 0.21333
epoch: 81 train accuracy: 94.00, loss: 0.21185
epoch: 82 train accuracy: 95.00, loss: 0.21039
epoch: 83 train accuracy: 95.00, loss: 0.20894
epoch: 84 train accuracy: 95.00, loss: 0.20751
epoch: 85 train accuracy: 95.00, loss: 0.20610
epoch: 86 train accuracy: 95.00, loss: 0.20470
epoch: 87 train accuracy: 95.00, loss: 0.20331
epoch: 88 train accuracy: 95.00, loss: 0.20195
epoch: 89 train accuracy: 95.00, loss: 0.20059
epoch: 90 train accuracy: 95.00, loss: 0.19925
epoch: 91 train accuracy: 95.00, loss: 0.19793
epoch: 92 train accuracy: 95.00, loss: 0.19661
epoch: 93 train accuracy: 95.00, loss: 0.19532
epoch: 94 train accuracy: 96.00, loss: 0.19404
epoch: 95 train accuracy: 96.00, loss: 0.19277
epoch: 96 train accuracy: 96.00, loss: 0.19152
epoch: 97 train accuracy: 96.00, loss: 0.19028
epoch: 98 train accuracy: 96.00, loss: 0.18907
epoch: 99 train accuracy: 96.00, loss: 0.18786
test accuracy: 92.00
Done
