Start
All test cases passed
epoch: 0 train accuracy: 64.00, loss: 1.02482
epoch: 1 train accuracy: 86.00, loss: 0.87090
epoch: 2 train accuracy: 88.00, loss: 0.76639
epoch: 3 train accuracy: 86.00, loss: 0.69315
epoch: 4 train accuracy: 86.00, loss: 0.63947
epoch: 5 train accuracy: 86.00, loss: 0.59835
epoch: 6 train accuracy: 86.00, loss: 0.56566
epoch: 7 train accuracy: 86.00, loss: 0.53890
epoch: 8 train accuracy: 86.00, loss: 0.51647
epoch: 9 train accuracy: 87.00, loss: 0.49731
epoch: 10 train accuracy: 88.00, loss: 0.48070
epoch: 11 train accuracy: 88.00, loss: 0.46610
epoch: 12 train accuracy: 88.00, loss: 0.45315
epoch: 13 train accuracy: 88.00, loss: 0.44154
epoch: 14 train accuracy: 88.00, loss: 0.43105
epoch: 15 train accuracy: 88.00, loss: 0.42151
epoch: 16 train accuracy: 88.00, loss: 0.41278
epoch: 17 train accuracy: 88.00, loss: 0.40474
epoch: 18 train accuracy: 88.00, loss: 0.39729
epoch: 19 train accuracy: 88.00, loss: 0.39037
epoch: 20 train accuracy: 88.00, loss: 0.38390
epoch: 21 train accuracy: 88.00, loss: 0.37784
epoch: 22 train accuracy: 88.00, loss: 0.37213
epoch: 23 train accuracy: 88.00, loss: 0.36673
epoch: 24 train accuracy: 88.00, loss: 0.36161
epoch: 25 train accuracy: 88.00, loss: 0.35675
epoch: 26 train accuracy: 89.00, loss: 0.35211
epoch: 27 train accuracy: 89.00, loss: 0.34768
epoch: 28 train accuracy: 89.00, loss: 0.34343
epoch: 29 train accuracy: 89.00, loss: 0.33935
epoch: 30 train accuracy: 89.00, loss: 0.33542
epoch: 31 train accuracy: 89.00, loss: 0.33163
epoch: 32 train accuracy: 89.00, loss: 0.32797
epoch: 33 train accuracy: 88.00, loss: 0.32443
epoch: 34 train accuracy: 88.00, loss: 0.32100
epoch: 35 train accuracy: 88.00, loss: 0.31767
epoch: 36 train accuracy: 88.00, loss: 0.31444
epoch: 37 train accuracy: 88.00, loss: 0.31130
epoch: 38 train accuracy: 88.00, loss: 0.30825
epoch: 39 train accuracy: 88.00, loss: 0.30527
epoch: 40 train accuracy: 88.00, loss: 0.30237
epoch: 41 train accuracy: 89.00, loss: 0.29953
epoch: 42 train accuracy: 89.00, loss: 0.29677
epoch: 43 train accuracy: 89.00, loss: 0.29406
epoch: 44 train accuracy: 89.00, loss: 0.29141
epoch: 45 train accuracy: 89.00, loss: 0.28882
epoch: 46 train accuracy: 89.00, loss: 0.28628
epoch: 47 train accuracy: 89.00, loss: 0.28378
epoch: 48 train accuracy: 90.00, loss: 0.28134
epoch: 49 train accuracy: 91.00, loss: 0.27894
epoch: 50 train accuracy: 91.00, loss: 0.27658
epoch: 51 train accuracy: 91.00, loss: 0.27426
epoch: 52 train accuracy: 91.00, loss: 0.27198
epoch: 53 train accuracy: 91.00, loss: 0.26974
epoch: 54 train accuracy: 91.00, loss: 0.26753
epoch: 55 train accuracy: 91.00, loss: 0.26535
epoch: 56 train accuracy: 91.00, loss: 0.26321
epoch: 57 train accuracy: 91.00, loss: 0.26110
epoch: 58 train accuracy: 91.00, loss: 0.25901
epoch: 59 train accuracy: 91.00, loss: 0.25696
epoch: 60 train accuracy: 91.00, loss: 0.25493
epoch: 61 train accuracy: 92.00, loss: 0.25294
epoch: 62 train accuracy: 92.00, loss: 0.25097
epoch: 63 train accuracy: 92.00, loss: 0.24903
epoch: 64 train accuracy: 92.00, loss: 0.24711
epoch: 65 train accuracy: 93.00, loss: 0.24522
epoch: 66 train accuracy: 93.00, loss: 0.24335
epoch: 67 train accuracy: 94.00, loss: 0.24151
epoch: 68 train accuracy: 94.00, loss: 0.23969
epoch: 69 train accuracy: 94.00, loss: 0.23789
epoch: 70 train accuracy: 94.00, loss: 0.23612
epoch: 71 train accuracy: 94.00, loss: 0.23436
epoch: 72 train accuracy: 94.00, loss: 0.23263
epoch: 73 train accuracy: 94.00, loss: 0.23092
epoch: 74 train accuracy: 94.00, loss: 0.22923
epoch: 75 train accuracy: 94.00, loss: 0.22756
epoch: 76 train accuracy: 95.00, loss: 0.22591
epoch: 77 train accuracy: 95.00, loss: 0.22428
epoch: 78 train accuracy: 95.00, loss: 0.22267
epoch: 79 train accuracy: 95.00, loss: 0.22108
epoch: 80 train accuracy: 95.00, loss: 0.21951
epoch: 81 train accuracy: 95.00, loss: 0.21795
epoch: 82 train accuracy: 95.00, loss: 0.21641
epoch: 83 train accuracy: 95.00, loss: 0.21489
epoch: 84 train accuracy: 95.00, loss: 0.21339
epoch: 85 train accuracy: 95.00, loss: 0.21190
epoch: 86 train accuracy: 95.00, loss: 0.21043
epoch: 87 train accuracy: 95.00, loss: 0.20897
epoch: 88 train accuracy: 95.00, loss: 0.20753
epoch: 89 train accuracy: 95.00, loss: 0.20610
epoch: 90 train accuracy: 95.00, loss: 0.20469
epoch: 91 train accuracy: 96.00, loss: 0.20329
epoch: 92 train accuracy: 96.00, loss: 0.20191
epoch: 93 train accuracy: 96.00, loss: 0.20054
epoch: 94 train accuracy: 96.00, loss: 0.19919
epoch: 95 train accuracy: 96.00, loss: 0.19785
epoch: 96 train accuracy: 96.00, loss: 0.19652
epoch: 97 train accuracy: 96.00, loss: 0.19521
epoch: 98 train accuracy: 96.00, loss: 0.19391
epoch: 99 train accuracy: 96.00, loss: 0.19263
test accuracy: 92.00
Done
