Start
All test cases passed
epoch: 0 train accuracy: 33.00, loss: 1.03935
epoch: 1 train accuracy: 71.00, loss: 0.84089
epoch: 2 train accuracy: 70.00, loss: 0.72719
epoch: 3 train accuracy: 75.00, loss: 0.65604
epoch: 4 train accuracy: 76.00, loss: 0.60596
epoch: 5 train accuracy: 80.00, loss: 0.56765
epoch: 6 train accuracy: 81.00, loss: 0.53674
epoch: 7 train accuracy: 82.00, loss: 0.51091
epoch: 8 train accuracy: 83.00, loss: 0.48882
epoch: 9 train accuracy: 85.00, loss: 0.46960
epoch: 10 train accuracy: 86.00, loss: 0.45265
epoch: 11 train accuracy: 86.00, loss: 0.43755
epoch: 12 train accuracy: 87.00, loss: 0.42398
epoch: 13 train accuracy: 87.00, loss: 0.41169
epoch: 14 train accuracy: 86.00, loss: 0.40051
epoch: 15 train accuracy: 87.00, loss: 0.39026
epoch: 16 train accuracy: 87.00, loss: 0.38083
epoch: 17 train accuracy: 87.00, loss: 0.37211
epoch: 18 train accuracy: 88.00, loss: 0.36403
epoch: 19 train accuracy: 88.00, loss: 0.35650
epoch: 20 train accuracy: 89.00, loss: 0.34946
epoch: 21 train accuracy: 89.00, loss: 0.34286
epoch: 22 train accuracy: 89.00, loss: 0.33666
epoch: 23 train accuracy: 89.00, loss: 0.33081
epoch: 24 train accuracy: 90.00, loss: 0.32529
epoch: 25 train accuracy: 91.00, loss: 0.32007
epoch: 26 train accuracy: 91.00, loss: 0.31511
epoch: 27 train accuracy: 92.00, loss: 0.31039
epoch: 28 train accuracy: 92.00, loss: 0.30589
epoch: 29 train accuracy: 92.00, loss: 0.30159
epoch: 30 train accuracy: 92.00, loss: 0.29749
epoch: 31 train accuracy: 92.00, loss: 0.29355
epoch: 32 train accuracy: 93.00, loss: 0.28977
epoch: 33 train accuracy: 93.00, loss: 0.28614
epoch: 34 train accuracy: 94.00, loss: 0.28264
epoch: 35 train accuracy: 94.00, loss: 0.27928
epoch: 36 train accuracy: 94.00, loss: 0.27603
epoch: 37 train accuracy: 94.00, loss: 0.27289
epoch: 38 train accuracy: 94.00, loss: 0.26985
epoch: 39 train accuracy: 94.00, loss: 0.26691
epoch: 40 train accuracy: 94.00, loss: 0.26406
epoch: 41 train accuracy: 94.00, loss: 0.26130
epoch: 42 train accuracy: 94.00, loss: 0.25862
epoch: 43 train accuracy: 94.00, loss: 0.25602
epoch: 44 train accuracy: 94.00, loss: 0.25350
epoch: 45 train accuracy: 94.00, loss: 0.25104
epoch: 46 train accuracy: 94.00, loss: 0.24864
epoch: 47 train accuracy: 94.00, loss: 0.24631
epoch: 48 train accuracy: 95.00, loss: 0.24403
epoch: 49 train accuracy: 95.00, loss: 0.24181
epoch: 50 train accuracy: 95.00, loss: 0.23964
epoch: 51 train accuracy: 95.00, loss: 0.23752
epoch: 52 train accuracy: 95.00, loss: 0.23545
epoch: 53 train accuracy: 95.00, loss: 0.23342
epoch: 54 train accuracy: 95.00, loss: 0.23143
epoch: 55 train accuracy: 95.00, loss: 0.22949
epoch: 56 train accuracy: 95.00, loss: 0.22759
epoch: 57 train accuracy: 95.00, loss: 0.22573
epoch: 58 train accuracy: 95.00, loss: 0.22390
epoch: 59 train accuracy: 95.00, loss: 0.22211
epoch: 60 train accuracy: 96.00, loss: 0.22035
epoch: 61 train accuracy: 96.00, loss: 0.21862
epoch: 62 train accuracy: 96.00, loss: 0.21693
epoch: 63 train accuracy: 96.00, loss: 0.21527
epoch: 64 train accuracy: 96.00, loss: 0.21363
epoch: 65 train accuracy: 96.00, loss: 0.21203
epoch: 66 train accuracy: 96.00, loss: 0.21046
epoch: 67 train accuracy: 96.00, loss: 0.20892
epoch: 68 train accuracy: 96.00, loss: 0.20740
epoch: 69 train accuracy: 96.00, loss: 0.20591
epoch: 70 train accuracy: 96.00, loss: 0.20444
epoch: 71 train accuracy: 96.00, loss: 0.20300
epoch: 72 train accuracy: 96.00, loss: 0.20158
epoch: 73 train accuracy: 96.00, loss: 0.20018
epoch: 74 train accuracy: 96.00, loss: 0.19880
epoch: 75 train accuracy: 96.00, loss: 0.19744
epoch: 76 train accuracy: 96.00, loss: 0.19610
epoch: 77 train accuracy: 96.00, loss: 0.19479
epoch: 78 train accuracy: 96.00, loss: 0.19349
epoch: 79 train accuracy: 97.00, loss: 0.19221
epoch: 80 train accuracy: 97.00, loss: 0.19095
epoch: 81 train accuracy: 97.00, loss: 0.18971
epoch: 82 train accuracy: 97.00, loss: 0.18848
epoch: 83 train accuracy: 97.00, loss: 0.18728
epoch: 84 train accuracy: 97.00, loss: 0.18609
epoch: 85 train accuracy: 97.00, loss: 0.18492
epoch: 86 train accuracy: 97.00, loss: 0.18377
epoch: 87 train accuracy: 97.00, loss: 0.18263
epoch: 88 train accuracy: 97.00, loss: 0.18150
epoch: 89 train accuracy: 97.00, loss: 0.18040
epoch: 90 train accuracy: 97.00, loss: 0.17931
epoch: 91 train accuracy: 97.00, loss: 0.17823
epoch: 92 train accuracy: 97.00, loss: 0.17717
epoch: 93 train accuracy: 97.00, loss: 0.17612
epoch: 94 train accuracy: 97.00, loss: 0.17509
epoch: 95 train accuracy: 97.00, loss: 0.17407
epoch: 96 train accuracy: 97.00, loss: 0.17306
epoch: 97 train accuracy: 97.00, loss: 0.17207
epoch: 98 train accuracy: 97.00, loss: 0.17108
epoch: 99 train accuracy: 97.00, loss: 0.17011
test accuracy: 88.00
Done
