Start
All test cases passed
epoch: 0 train accuracy: 12.00, loss: 1.10987
epoch: 1 train accuracy: 60.00, loss: 0.90156
epoch: 2 train accuracy: 71.00, loss: 0.78289
epoch: 3 train accuracy: 77.00, loss: 0.70661
epoch: 4 train accuracy: 82.00, loss: 0.65221
epoch: 5 train accuracy: 84.00, loss: 0.61065
epoch: 6 train accuracy: 84.00, loss: 0.57734
epoch: 7 train accuracy: 84.00, loss: 0.54972
epoch: 8 train accuracy: 85.00, loss: 0.52621
epoch: 9 train accuracy: 86.00, loss: 0.50581
epoch: 10 train accuracy: 86.00, loss: 0.48783
epoch: 11 train accuracy: 86.00, loss: 0.47179
epoch: 12 train accuracy: 87.00, loss: 0.45736
epoch: 13 train accuracy: 87.00, loss: 0.44427
epoch: 14 train accuracy: 87.00, loss: 0.43232
epoch: 15 train accuracy: 86.00, loss: 0.42135
epoch: 16 train accuracy: 87.00, loss: 0.41123
epoch: 17 train accuracy: 88.00, loss: 0.40187
epoch: 18 train accuracy: 88.00, loss: 0.39318
epoch: 19 train accuracy: 88.00, loss: 0.38507
epoch: 20 train accuracy: 88.00, loss: 0.37749
epoch: 21 train accuracy: 88.00, loss: 0.37037
epoch: 22 train accuracy: 88.00, loss: 0.36369
epoch: 23 train accuracy: 88.00, loss: 0.35738
epoch: 24 train accuracy: 89.00, loss: 0.35141
epoch: 25 train accuracy: 89.00, loss: 0.34577
epoch: 26 train accuracy: 89.00, loss: 0.34040
epoch: 27 train accuracy: 89.00, loss: 0.33530
epoch: 28 train accuracy: 89.00, loss: 0.33044
epoch: 29 train accuracy: 90.00, loss: 0.32580
epoch: 30 train accuracy: 90.00, loss: 0.32136
epoch: 31 train accuracy: 90.00, loss: 0.31710
epoch: 32 train accuracy: 90.00, loss: 0.31302
epoch: 33 train accuracy: 90.00, loss: 0.30910
epoch: 34 train accuracy: 90.00, loss: 0.30533
epoch: 35 train accuracy: 90.00, loss: 0.30169
epoch: 36 train accuracy: 90.00, loss: 0.29818
epoch: 37 train accuracy: 90.00, loss: 0.29478
epoch: 38 train accuracy: 90.00, loss: 0.29150
epoch: 39 train accuracy: 90.00, loss: 0.28831
epoch: 40 train accuracy: 90.00, loss: 0.28523
epoch: 41 train accuracy: 90.00, loss: 0.28223
epoch: 42 train accuracy: 90.00, loss: 0.27932
epoch: 43 train accuracy: 90.00, loss: 0.27648
epoch: 44 train accuracy: 90.00, loss: 0.27372
epoch: 45 train accuracy: 90.00, loss: 0.27103
epoch: 46 train accuracy: 90.00, loss: 0.26841
epoch: 47 train accuracy: 90.00, loss: 0.26585
epoch: 48 train accuracy: 90.00, loss: 0.26335
epoch: 49 train accuracy: 90.00, loss: 0.26091
epoch: 50 train accuracy: 91.00, loss: 0.25853
epoch: 51 train accuracy: 91.00, loss: 0.25619
epoch: 52 train accuracy: 91.00, loss: 0.25389
epoch: 53 train accuracy: 91.00, loss: 0.25164
epoch: 54 train accuracy: 91.00, loss: 0.24944
epoch: 55 train accuracy: 91.00, loss: 0.24727
epoch: 56 train accuracy: 91.00, loss: 0.24514
epoch: 57 train accuracy: 91.00, loss: 0.24306
epoch: 58 train accuracy: 91.00, loss: 0.24100
epoch: 59 train accuracy: 91.00, loss: 0.23899
epoch: 60 train accuracy: 91.00, loss: 0.23700
epoch: 61 train accuracy: 91.00, loss: 0.23505
epoch: 62 train accuracy: 91.00, loss: 0.23313
epoch: 63 train accuracy: 91.00, loss: 0.23124
epoch: 64 train accuracy: 92.00, loss: 0.22938
epoch: 65 train accuracy: 92.00, loss: 0.22754
epoch: 66 train accuracy: 92.00, loss: 0.22573
epoch: 67 train accuracy: 92.00, loss: 0.22395
epoch: 68 train accuracy: 92.00, loss: 0.22220
epoch: 69 train accuracy: 92.00, loss: 0.22046
epoch: 70 train accuracy: 93.00, loss: 0.21876
epoch: 71 train accuracy: 94.00, loss: 0.21707
epoch: 72 train accuracy: 94.00, loss: 0.21541
epoch: 73 train accuracy: 94.00, loss: 0.21377
epoch: 74 train accuracy: 95.00, loss: 0.21215
epoch: 75 train accuracy: 95.00, loss: 0.21054
epoch: 76 train accuracy: 95.00, loss: 0.20896
epoch: 77 train accuracy: 95.00, loss: 0.20740
epoch: 78 train accuracy: 95.00, loss: 0.20586
epoch: 79 train accuracy: 95.00, loss: 0.20433
epoch: 80 train accuracy: 95.00, loss: 0.20282
epoch: 81 train accuracy: 95.00, loss: 0.20133
epoch: 82 train accuracy: 95.00, loss: 0.19986
epoch: 83 train accuracy: 95.00, loss: 0.19841
epoch: 84 train accuracy: 95.00, loss: 0.19697
epoch: 85 train accuracy: 95.00, loss: 0.19555
epoch: 86 train accuracy: 95.00, loss: 0.19414
epoch: 87 train accuracy: 95.00, loss: 0.19275
epoch: 88 train accuracy: 95.00, loss: 0.19137
epoch: 89 train accuracy: 95.00, loss: 0.19001
epoch: 90 train accuracy: 95.00, loss: 0.18866
epoch: 91 train accuracy: 95.00, loss: 0.18733
epoch: 92 train accuracy: 95.00, loss: 0.18601
epoch: 93 train accuracy: 96.00, loss: 0.18470
epoch: 94 train accuracy: 96.00, loss: 0.18341
epoch: 95 train accuracy: 96.00, loss: 0.18213
epoch: 96 train accuracy: 96.00, loss: 0.18087
epoch: 97 train accuracy: 96.00, loss: 0.17962
epoch: 98 train accuracy: 96.00, loss: 0.17838
epoch: 99 train accuracy: 96.00, loss: 0.17716
test accuracy: 90.00
Done
