Start
All test cases passed
epoch: 0 train accuracy: 69.00, loss: 1.00364
epoch: 1 train accuracy: 74.00, loss: 0.85842
epoch: 2 train accuracy: 79.00, loss: 0.76036
epoch: 3 train accuracy: 79.00, loss: 0.69121
epoch: 4 train accuracy: 79.00, loss: 0.63978
epoch: 5 train accuracy: 81.00, loss: 0.59967
epoch: 6 train accuracy: 82.00, loss: 0.56721
epoch: 7 train accuracy: 83.00, loss: 0.54019
epoch: 8 train accuracy: 83.00, loss: 0.51721
epoch: 9 train accuracy: 83.00, loss: 0.49735
epoch: 10 train accuracy: 84.00, loss: 0.47997
epoch: 11 train accuracy: 85.00, loss: 0.46458
epoch: 12 train accuracy: 87.00, loss: 0.45084
epoch: 13 train accuracy: 86.00, loss: 0.43848
epoch: 14 train accuracy: 86.00, loss: 0.42729
epoch: 15 train accuracy: 86.00, loss: 0.41710
epoch: 16 train accuracy: 88.00, loss: 0.40776
epoch: 17 train accuracy: 88.00, loss: 0.39915
epoch: 18 train accuracy: 90.00, loss: 0.39119
epoch: 19 train accuracy: 90.00, loss: 0.38378
epoch: 20 train accuracy: 90.00, loss: 0.37687
epoch: 21 train accuracy: 89.00, loss: 0.37041
epoch: 22 train accuracy: 88.00, loss: 0.36433
epoch: 23 train accuracy: 88.00, loss: 0.35860
epoch: 24 train accuracy: 89.00, loss: 0.35319
epoch: 25 train accuracy: 88.00, loss: 0.34806
epoch: 26 train accuracy: 88.00, loss: 0.34319
epoch: 27 train accuracy: 88.00, loss: 0.33855
epoch: 28 train accuracy: 88.00, loss: 0.33412
epoch: 29 train accuracy: 89.00, loss: 0.32988
epoch: 30 train accuracy: 89.00, loss: 0.32582
epoch: 31 train accuracy: 89.00, loss: 0.32191
epoch: 32 train accuracy: 89.00, loss: 0.31815
epoch: 33 train accuracy: 89.00, loss: 0.31453
epoch: 34 train accuracy: 89.00, loss: 0.31103
epoch: 35 train accuracy: 89.00, loss: 0.30764
epoch: 36 train accuracy: 89.00, loss: 0.30435
epoch: 37 train accuracy: 91.00, loss: 0.30117
epoch: 38 train accuracy: 91.00, loss: 0.29807
epoch: 39 train accuracy: 91.00, loss: 0.29506
epoch: 40 train accuracy: 91.00, loss: 0.29214
epoch: 41 train accuracy: 91.00, loss: 0.28929
epoch: 42 train accuracy: 91.00, loss: 0.28652
epoch: 43 train accuracy: 91.00, loss: 0.28381
epoch: 44 train accuracy: 92.00, loss: 0.28116
epoch: 45 train accuracy: 92.00, loss: 0.27858
epoch: 46 train accuracy: 92.00, loss: 0.27605
epoch: 47 train accuracy: 92.00, loss: 0.27357
epoch: 48 train accuracy: 92.00, loss: 0.27114
epoch: 49 train accuracy: 92.00, loss: 0.26876
epoch: 50 train accuracy: 92.00, loss: 0.26642
epoch: 51 train accuracy: 92.00, loss: 0.26413
epoch: 52 train accuracy: 92.00, loss: 0.26188
epoch: 53 train accuracy: 92.00, loss: 0.25967
epoch: 54 train accuracy: 92.00, loss: 0.25750
epoch: 55 train accuracy: 92.00, loss: 0.25536
epoch: 56 train accuracy: 92.00, loss: 0.25326
epoch: 57 train accuracy: 92.00, loss: 0.25119
epoch: 58 train accuracy: 92.00, loss: 0.24915
epoch: 59 train accuracy: 92.00, loss: 0.24715
epoch: 60 train accuracy: 92.00, loss: 0.24517
epoch: 61 train accuracy: 92.00, loss: 0.24322
epoch: 62 train accuracy: 92.00, loss: 0.24130
epoch: 63 train accuracy: 92.00, loss: 0.23940
epoch: 64 train accuracy: 92.00, loss: 0.23753
epoch: 65 train accuracy: 92.00, loss: 0.23568
epoch: 66 train accuracy: 92.00, loss: 0.23386
epoch: 67 train accuracy: 93.00, loss: 0.23206
epoch: 68 train accuracy: 93.00, loss: 0.23029
epoch: 69 train accuracy: 93.00, loss: 0.22854
epoch: 70 train accuracy: 93.00, loss: 0.22682
epoch: 71 train accuracy: 93.00, loss: 0.22512
epoch: 72 train accuracy: 93.00, loss: 0.22344
epoch: 73 train accuracy: 93.00, loss: 0.22178
epoch: 74 train accuracy: 93.00, loss: 0.22014
epoch: 75 train accuracy: 93.00, loss: 0.21852
epoch: 76 train accuracy: 93.00, loss: 0.21691
epoch: 77 train accuracy: 93.00, loss: 0.21533
epoch: 78 train accuracy: 93.00, loss: 0.21377
epoch: 79 train accuracy: 93.00, loss: 0.21222
epoch: 80 train accuracy: 93.00, loss: 0.21070
epoch: 81 train accuracy: 93.00, loss: 0.20919
epoch: 82 train accuracy: 93.00, loss: 0.20770
epoch: 83 train accuracy: 93.00, loss: 0.20623
epoch: 84 train accuracy: 93.00, loss: 0.20477
epoch: 85 train accuracy: 93.00, loss: 0.20334
epoch: 86 train accuracy: 93.00, loss: 0.20192
epoch: 87 train accuracy: 93.00, loss: 0.20051
epoch: 88 train accuracy: 93.00, loss: 0.19912
epoch: 89 train accuracy: 93.00, loss: 0.19774
epoch: 90 train accuracy: 93.00, loss: 0.19638
epoch: 91 train accuracy: 93.00, loss: 0.19504
epoch: 92 train accuracy: 94.00, loss: 0.19371
epoch: 93 train accuracy: 94.00, loss: 0.19239
epoch: 94 train accuracy: 94.00, loss: 0.19109
epoch: 95 train accuracy: 94.00, loss: 0.18980
epoch: 96 train accuracy: 95.00, loss: 0.18853
epoch: 97 train accuracy: 95.00, loss: 0.18727
epoch: 98 train accuracy: 95.00, loss: 0.18603
epoch: 99 train accuracy: 95.00, loss: 0.18480
test accuracy: 96.00
Done
