Start
All test cases passed
epoch: 0 train accuracy: 33.00, loss: 1.19079
epoch: 1 train accuracy: 67.00, loss: 0.93072
epoch: 2 train accuracy: 67.00, loss: 0.78884
epoch: 3 train accuracy: 67.00, loss: 0.70419
epoch: 4 train accuracy: 70.00, loss: 0.64633
epoch: 5 train accuracy: 80.00, loss: 0.60307
epoch: 6 train accuracy: 81.00, loss: 0.56895
epoch: 7 train accuracy: 83.00, loss: 0.54113
epoch: 8 train accuracy: 86.00, loss: 0.51790
epoch: 9 train accuracy: 86.00, loss: 0.49818
epoch: 10 train accuracy: 85.00, loss: 0.48121
epoch: 11 train accuracy: 86.00, loss: 0.46643
epoch: 12 train accuracy: 86.00, loss: 0.45344
epoch: 13 train accuracy: 86.00, loss: 0.44191
epoch: 14 train accuracy: 86.00, loss: 0.43159
epoch: 15 train accuracy: 86.00, loss: 0.42228
epoch: 16 train accuracy: 86.00, loss: 0.41384
epoch: 17 train accuracy: 86.00, loss: 0.40613
epoch: 18 train accuracy: 86.00, loss: 0.39906
epoch: 19 train accuracy: 86.00, loss: 0.39253
epoch: 20 train accuracy: 86.00, loss: 0.38648
epoch: 21 train accuracy: 86.00, loss: 0.38084
epoch: 22 train accuracy: 86.00, loss: 0.37556
epoch: 23 train accuracy: 86.00, loss: 0.37061
epoch: 24 train accuracy: 86.00, loss: 0.36594
epoch: 25 train accuracy: 86.00, loss: 0.36153
epoch: 26 train accuracy: 86.00, loss: 0.35734
epoch: 27 train accuracy: 86.00, loss: 0.35335
epoch: 28 train accuracy: 86.00, loss: 0.34955
epoch: 29 train accuracy: 86.00, loss: 0.34591
epoch: 30 train accuracy: 86.00, loss: 0.34241
epoch: 31 train accuracy: 86.00, loss: 0.33906
epoch: 32 train accuracy: 86.00, loss: 0.33583
epoch: 33 train accuracy: 87.00, loss: 0.33271
epoch: 34 train accuracy: 87.00, loss: 0.32969
epoch: 35 train accuracy: 87.00, loss: 0.32677
epoch: 36 train accuracy: 87.00, loss: 0.32393
epoch: 37 train accuracy: 87.00, loss: 0.32118
epoch: 38 train accuracy: 87.00, loss: 0.31851
epoch: 39 train accuracy: 87.00, loss: 0.31591
epoch: 40 train accuracy: 87.00, loss: 0.31338
epoch: 41 train accuracy: 87.00, loss: 0.31091
epoch: 42 train accuracy: 87.00, loss: 0.30850
epoch: 43 train accuracy: 87.00, loss: 0.30614
epoch: 44 train accuracy: 87.00, loss: 0.30384
epoch: 45 train accuracy: 88.00, loss: 0.30158
epoch: 46 train accuracy: 88.00, loss: 0.29936
epoch: 47 train accuracy: 88.00, loss: 0.29719
epoch: 48 train accuracy: 88.00, loss: 0.29505
epoch: 49 train accuracy: 88.00, loss: 0.29296
epoch: 50 train accuracy: 88.00, loss: 0.29089
epoch: 51 train accuracy: 88.00, loss: 0.28887
epoch: 52 train accuracy: 88.00, loss: 0.28687
epoch: 53 train accuracy: 88.00, loss: 0.28491
epoch: 54 train accuracy: 88.00, loss: 0.28297
epoch: 55 train accuracy: 88.00, loss: 0.28107
epoch: 56 train accuracy: 88.00, loss: 0.27919
epoch: 57 train accuracy: 88.00, loss: 0.27734
epoch: 58 train accuracy: 88.00, loss: 0.27552
epoch: 59 train accuracy: 88.00, loss: 0.27372
epoch: 60 train accuracy: 88.00, loss: 0.27195
epoch: 61 train accuracy: 88.00, loss: 0.27020
epoch: 62 train accuracy: 88.00, loss: 0.26847
epoch: 63 train accuracy: 88.00, loss: 0.26677
epoch: 64 train accuracy: 88.00, loss: 0.26508
epoch: 65 train accuracy: 89.00, loss: 0.26342
epoch: 66 train accuracy: 89.00, loss: 0.26177
epoch: 67 train accuracy: 89.00, loss: 0.26015
epoch: 68 train accuracy: 90.00, loss: 0.25854
epoch: 69 train accuracy: 90.00, loss: 0.25695
epoch: 70 train accuracy: 90.00, loss: 0.25538
epoch: 71 train accuracy: 90.00, loss: 0.25382
epoch: 72 train accuracy: 90.00, loss: 0.25228
epoch: 73 train accuracy: 90.00, loss: 0.25076
epoch: 74 train accuracy: 90.00, loss: 0.24926
epoch: 75 train accuracy: 91.00, loss: 0.24777
epoch: 76 train accuracy: 91.00, loss: 0.24629
epoch: 77 train accuracy: 92.00, loss: 0.24483
epoch: 78 train accuracy: 92.00, loss: 0.24338
epoch: 79 train accuracy: 92.00, loss: 0.24195
epoch: 80 train accuracy: 92.00, loss: 0.24054
epoch: 81 train accuracy: 92.00, loss: 0.23913
epoch: 82 train accuracy: 92.00, loss: 0.23774
epoch: 83 train accuracy: 92.00, loss: 0.23637
epoch: 84 train accuracy: 92.00, loss: 0.23501
epoch: 85 train accuracy: 92.00, loss: 0.23367
epoch: 86 train accuracy: 92.00, loss: 0.23233
epoch: 87 train accuracy: 92.00, loss: 0.23102
epoch: 88 train accuracy: 92.00, loss: 0.22971
epoch: 89 train accuracy: 92.00, loss: 0.22841
epoch: 90 train accuracy: 92.00, loss: 0.22713
epoch: 91 train accuracy: 92.00, loss: 0.22586
epoch: 92 train accuracy: 92.00, loss: 0.22460
epoch: 93 train accuracy: 92.00, loss: 0.22335
epoch: 94 train accuracy: 92.00, loss: 0.22211
epoch: 95 train accuracy: 92.00, loss: 0.22088
epoch: 96 train accuracy: 92.00, loss: 0.21967
epoch: 97 train accuracy: 94.00, loss: 0.21847
epoch: 98 train accuracy: 94.00, loss: 0.21728
epoch: 99 train accuracy: 94.00, loss: 0.21610
test accuracy: 94.00
Done
