Start
All test cases passed
epoch: 0 train accuracy: 65.00, loss: 1.09734
epoch: 1 train accuracy: 66.00, loss: 0.86874
epoch: 2 train accuracy: 66.00, loss: 0.74177
epoch: 3 train accuracy: 66.00, loss: 0.65884
epoch: 4 train accuracy: 72.00, loss: 0.59861
epoch: 5 train accuracy: 82.00, loss: 0.55226
epoch: 6 train accuracy: 85.00, loss: 0.51536
epoch: 7 train accuracy: 88.00, loss: 0.48529
epoch: 8 train accuracy: 88.00, loss: 0.46036
epoch: 9 train accuracy: 88.00, loss: 0.43938
epoch: 10 train accuracy: 88.00, loss: 0.42151
epoch: 11 train accuracy: 88.00, loss: 0.40612
epoch: 12 train accuracy: 87.00, loss: 0.39273
epoch: 13 train accuracy: 87.00, loss: 0.38098
epoch: 14 train accuracy: 87.00, loss: 0.37058
epoch: 15 train accuracy: 87.00, loss: 0.36131
epoch: 16 train accuracy: 87.00, loss: 0.35299
epoch: 17 train accuracy: 87.00, loss: 0.34547
epoch: 18 train accuracy: 87.00, loss: 0.33864
epoch: 19 train accuracy: 88.00, loss: 0.33240
epoch: 20 train accuracy: 88.00, loss: 0.32666
epoch: 21 train accuracy: 88.00, loss: 0.32137
epoch: 22 train accuracy: 88.00, loss: 0.31647
epoch: 23 train accuracy: 88.00, loss: 0.31190
epoch: 24 train accuracy: 88.00, loss: 0.30763
epoch: 25 train accuracy: 88.00, loss: 0.30362
epoch: 26 train accuracy: 88.00, loss: 0.29985
epoch: 27 train accuracy: 88.00, loss: 0.29629
epoch: 28 train accuracy: 88.00, loss: 0.29291
epoch: 29 train accuracy: 88.00, loss: 0.28971
epoch: 30 train accuracy: 88.00, loss: 0.28665
epoch: 31 train accuracy: 88.00, loss: 0.28374
epoch: 32 train accuracy: 88.00, loss: 0.28095
epoch: 33 train accuracy: 87.00, loss: 0.27827
epoch: 34 train accuracy: 87.00, loss: 0.27570
epoch: 35 train accuracy: 87.00, loss: 0.27322
epoch: 36 train accuracy: 87.00, loss: 0.27083
epoch: 37 train accuracy: 87.00, loss: 0.26852
epoch: 38 train accuracy: 87.00, loss: 0.26629
epoch: 39 train accuracy: 87.00, loss: 0.26412
epoch: 40 train accuracy: 87.00, loss: 0.26202
epoch: 41 train accuracy: 87.00, loss: 0.25997
epoch: 42 train accuracy: 87.00, loss: 0.25798
epoch: 43 train accuracy: 87.00, loss: 0.25604
epoch: 44 train accuracy: 88.00, loss: 0.25415
epoch: 45 train accuracy: 88.00, loss: 0.25230
epoch: 46 train accuracy: 88.00, loss: 0.25050
epoch: 47 train accuracy: 88.00, loss: 0.24873
epoch: 48 train accuracy: 88.00, loss: 0.24699
epoch: 49 train accuracy: 88.00, loss: 0.24529
epoch: 50 train accuracy: 88.00, loss: 0.24362
epoch: 51 train accuracy: 89.00, loss: 0.24199
epoch: 52 train accuracy: 89.00, loss: 0.24038
epoch: 53 train accuracy: 89.00, loss: 0.23880
epoch: 54 train accuracy: 89.00, loss: 0.23725
epoch: 55 train accuracy: 89.00, loss: 0.23572
epoch: 56 train accuracy: 89.00, loss: 0.23422
epoch: 57 train accuracy: 89.00, loss: 0.23275
epoch: 58 train accuracy: 89.00, loss: 0.23129
epoch: 59 train accuracy: 89.00, loss: 0.22985
epoch: 60 train accuracy: 89.00, loss: 0.22844
epoch: 61 train accuracy: 89.00, loss: 0.22704
epoch: 62 train accuracy: 89.00, loss: 0.22567
epoch: 63 train accuracy: 89.00, loss: 0.22431
epoch: 64 train accuracy: 89.00, loss: 0.22297
epoch: 65 train accuracy: 89.00, loss: 0.22165
epoch: 66 train accuracy: 89.00, loss: 0.22034
epoch: 67 train accuracy: 89.00, loss: 0.21904
epoch: 68 train accuracy: 89.00, loss: 0.21777
epoch: 69 train accuracy: 89.00, loss: 0.21650
epoch: 70 train accuracy: 90.00, loss: 0.21525
epoch: 71 train accuracy: 90.00, loss: 0.21402
epoch: 72 train accuracy: 90.00, loss: 0.21279
epoch: 73 train accuracy: 90.00, loss: 0.21158
epoch: 74 train accuracy: 90.00, loss: 0.21039
epoch: 75 train accuracy: 90.00, loss: 0.20920
epoch: 76 train accuracy: 91.00, loss: 0.20803
epoch: 77 train accuracy: 91.00, loss: 0.20687
epoch: 78 train accuracy: 91.00, loss: 0.20573
epoch: 79 train accuracy: 91.00, loss: 0.20460
epoch: 80 train accuracy: 91.00, loss: 0.20348
epoch: 81 train accuracy: 91.00, loss: 0.20237
epoch: 82 train accuracy: 91.00, loss: 0.20128
epoch: 83 train accuracy: 91.00, loss: 0.20019
epoch: 84 train accuracy: 91.00, loss: 0.19912
epoch: 85 train accuracy: 91.00, loss: 0.19805
epoch: 86 train accuracy: 91.00, loss: 0.19700
epoch: 87 train accuracy: 92.00, loss: 0.19596
epoch: 88 train accuracy: 92.00, loss: 0.19492
epoch: 89 train accuracy: 92.00, loss: 0.19390
epoch: 90 train accuracy: 92.00, loss: 0.19288
epoch: 91 train accuracy: 92.00, loss: 0.19187
epoch: 92 train accuracy: 92.00, loss: 0.19087
epoch: 93 train accuracy: 92.00, loss: 0.18988
epoch: 94 train accuracy: 92.00, loss: 0.18890
epoch: 95 train accuracy: 92.00, loss: 0.18793
epoch: 96 train accuracy: 92.00, loss: 0.18696
epoch: 97 train accuracy: 92.00, loss: 0.18600
epoch: 98 train accuracy: 92.00, loss: 0.18505
epoch: 99 train accuracy: 92.00, loss: 0.18410
test accuracy: 86.00
Done
