Start
All test cases passed
epoch: 0 train accuracy: 26.00, loss: 1.12668
epoch: 1 train accuracy: 56.00, loss: 0.92058
epoch: 2 train accuracy: 74.00, loss: 0.78905
epoch: 3 train accuracy: 74.00, loss: 0.70303
epoch: 4 train accuracy: 75.00, loss: 0.64343
epoch: 5 train accuracy: 77.00, loss: 0.59948
epoch: 6 train accuracy: 79.00, loss: 0.56531
epoch: 7 train accuracy: 80.00, loss: 0.53763
epoch: 8 train accuracy: 80.00, loss: 0.51450
epoch: 9 train accuracy: 83.00, loss: 0.49471
epoch: 10 train accuracy: 83.00, loss: 0.47748
epoch: 11 train accuracy: 84.00, loss: 0.46227
epoch: 12 train accuracy: 85.00, loss: 0.44870
epoch: 13 train accuracy: 86.00, loss: 0.43648
epoch: 14 train accuracy: 86.00, loss: 0.42539
epoch: 15 train accuracy: 88.00, loss: 0.41526
epoch: 16 train accuracy: 88.00, loss: 0.40595
epoch: 17 train accuracy: 89.00, loss: 0.39735
epoch: 18 train accuracy: 89.00, loss: 0.38936
epoch: 19 train accuracy: 90.00, loss: 0.38191
epoch: 20 train accuracy: 90.00, loss: 0.37494
epoch: 21 train accuracy: 90.00, loss: 0.36839
epoch: 22 train accuracy: 89.00, loss: 0.36222
epoch: 23 train accuracy: 89.00, loss: 0.35639
epoch: 24 train accuracy: 89.00, loss: 0.35085
epoch: 25 train accuracy: 90.00, loss: 0.34559
epoch: 26 train accuracy: 90.00, loss: 0.34058
epoch: 27 train accuracy: 90.00, loss: 0.33579
epoch: 28 train accuracy: 90.00, loss: 0.33121
epoch: 29 train accuracy: 90.00, loss: 0.32682
epoch: 30 train accuracy: 90.00, loss: 0.32260
epoch: 31 train accuracy: 90.00, loss: 0.31854
epoch: 32 train accuracy: 90.00, loss: 0.31462
epoch: 33 train accuracy: 90.00, loss: 0.31084
epoch: 34 train accuracy: 90.00, loss: 0.30718
epoch: 35 train accuracy: 90.00, loss: 0.30364
epoch: 36 train accuracy: 90.00, loss: 0.30021
epoch: 37 train accuracy: 90.00, loss: 0.29687
epoch: 38 train accuracy: 90.00, loss: 0.29363
epoch: 39 train accuracy: 90.00, loss: 0.29048
epoch: 40 train accuracy: 90.00, loss: 0.28740
epoch: 41 train accuracy: 90.00, loss: 0.28440
epoch: 42 train accuracy: 90.00, loss: 0.28147
epoch: 43 train accuracy: 90.00, loss: 0.27862
epoch: 44 train accuracy: 90.00, loss: 0.27583
epoch: 45 train accuracy: 91.00, loss: 0.27310
epoch: 46 train accuracy: 91.00, loss: 0.27044
epoch: 47 train accuracy: 92.00, loss: 0.26783
epoch: 48 train accuracy: 92.00, loss: 0.26527
epoch: 49 train accuracy: 93.00, loss: 0.26277
epoch: 50 train accuracy: 93.00, loss: 0.26032
epoch: 51 train accuracy: 93.00, loss: 0.25791
epoch: 52 train accuracy: 93.00, loss: 0.25555
epoch: 53 train accuracy: 93.00, loss: 0.25323
epoch: 54 train accuracy: 93.00, loss: 0.25096
epoch: 55 train accuracy: 93.00, loss: 0.24873
epoch: 56 train accuracy: 93.00, loss: 0.24654
epoch: 57 train accuracy: 93.00, loss: 0.24438
epoch: 58 train accuracy: 93.00, loss: 0.24226
epoch: 59 train accuracy: 93.00, loss: 0.24018
epoch: 60 train accuracy: 93.00, loss: 0.23812
epoch: 61 train accuracy: 93.00, loss: 0.23610
epoch: 62 train accuracy: 93.00, loss: 0.23411
epoch: 63 train accuracy: 93.00, loss: 0.23216
epoch: 64 train accuracy: 93.00, loss: 0.23023
epoch: 65 train accuracy: 93.00, loss: 0.22832
epoch: 66 train accuracy: 93.00, loss: 0.22645
epoch: 67 train accuracy: 93.00, loss: 0.22460
epoch: 68 train accuracy: 93.00, loss: 0.22279
epoch: 69 train accuracy: 93.00, loss: 0.22099
epoch: 70 train accuracy: 93.00, loss: 0.21923
epoch: 71 train accuracy: 93.00, loss: 0.21748
epoch: 72 train accuracy: 94.00, loss: 0.21577
epoch: 73 train accuracy: 94.00, loss: 0.21407
epoch: 74 train accuracy: 94.00, loss: 0.21240
epoch: 75 train accuracy: 94.00, loss: 0.21075
epoch: 76 train accuracy: 94.00, loss: 0.20912
epoch: 77 train accuracy: 94.00, loss: 0.20751
epoch: 78 train accuracy: 94.00, loss: 0.20593
epoch: 79 train accuracy: 94.00, loss: 0.20437
epoch: 80 train accuracy: 95.00, loss: 0.20282
epoch: 81 train accuracy: 95.00, loss: 0.20129
epoch: 82 train accuracy: 95.00, loss: 0.19979
epoch: 83 train accuracy: 95.00, loss: 0.19830
epoch: 84 train accuracy: 96.00, loss: 0.19683
epoch: 85 train accuracy: 96.00, loss: 0.19537
epoch: 86 train accuracy: 97.00, loss: 0.19393
epoch: 87 train accuracy: 97.00, loss: 0.19251
epoch: 88 train accuracy: 97.00, loss: 0.19111
epoch: 89 train accuracy: 97.00, loss: 0.18973
epoch: 90 train accuracy: 97.00, loss: 0.18837
epoch: 91 train accuracy: 97.00, loss: 0.18702
epoch: 92 train accuracy: 97.00, loss: 0.18570
epoch: 93 train accuracy: 97.00, loss: 0.18438
epoch: 94 train accuracy: 97.00, loss: 0.18309
epoch: 95 train accuracy: 97.00, loss: 0.18180
epoch: 96 train accuracy: 97.00, loss: 0.18054
epoch: 97 train accuracy: 97.00, loss: 0.17928
epoch: 98 train accuracy: 97.00, loss: 0.17805
epoch: 99 train accuracy: 97.00, loss: 0.17683
test accuracy: 94.00
Done
