Start
All test cases passed
epoch: 0 train accuracy: 25.00, loss: 1.12190
epoch: 1 train accuracy: 74.00, loss: 0.93209
epoch: 2 train accuracy: 79.00, loss: 0.81053
epoch: 3 train accuracy: 79.00, loss: 0.72942
epoch: 4 train accuracy: 81.00, loss: 0.67156
epoch: 5 train accuracy: 82.00, loss: 0.62783
epoch: 6 train accuracy: 83.00, loss: 0.59331
epoch: 7 train accuracy: 84.00, loss: 0.56518
epoch: 8 train accuracy: 84.00, loss: 0.54168
epoch: 9 train accuracy: 83.00, loss: 0.52165
epoch: 10 train accuracy: 84.00, loss: 0.50432
epoch: 11 train accuracy: 85.00, loss: 0.48910
epoch: 12 train accuracy: 85.00, loss: 0.47560
epoch: 13 train accuracy: 85.00, loss: 0.46350
epoch: 14 train accuracy: 85.00, loss: 0.45255
epoch: 15 train accuracy: 85.00, loss: 0.44259
epoch: 16 train accuracy: 85.00, loss: 0.43345
epoch: 17 train accuracy: 85.00, loss: 0.42501
epoch: 18 train accuracy: 85.00, loss: 0.41719
epoch: 19 train accuracy: 86.00, loss: 0.40989
epoch: 20 train accuracy: 86.00, loss: 0.40306
epoch: 21 train accuracy: 86.00, loss: 0.39664
epoch: 22 train accuracy: 86.00, loss: 0.39057
epoch: 23 train accuracy: 86.00, loss: 0.38482
epoch: 24 train accuracy: 86.00, loss: 0.37936
epoch: 25 train accuracy: 87.00, loss: 0.37415
epoch: 26 train accuracy: 87.00, loss: 0.36917
epoch: 27 train accuracy: 87.00, loss: 0.36441
epoch: 28 train accuracy: 87.00, loss: 0.35983
epoch: 29 train accuracy: 88.00, loss: 0.35543
epoch: 30 train accuracy: 89.00, loss: 0.35120
epoch: 31 train accuracy: 89.00, loss: 0.34711
epoch: 32 train accuracy: 89.00, loss: 0.34315
epoch: 33 train accuracy: 89.00, loss: 0.33932
epoch: 34 train accuracy: 89.00, loss: 0.33561
epoch: 35 train accuracy: 89.00, loss: 0.33200
epoch: 36 train accuracy: 89.00, loss: 0.32850
epoch: 37 train accuracy: 89.00, loss: 0.32509
epoch: 38 train accuracy: 89.00, loss: 0.32178
epoch: 39 train accuracy: 89.00, loss: 0.31855
epoch: 40 train accuracy: 89.00, loss: 0.31540
epoch: 41 train accuracy: 89.00, loss: 0.31232
epoch: 42 train accuracy: 90.00, loss: 0.30932
epoch: 43 train accuracy: 91.00, loss: 0.30638
epoch: 44 train accuracy: 91.00, loss: 0.30351
epoch: 45 train accuracy: 91.00, loss: 0.30070
epoch: 46 train accuracy: 91.00, loss: 0.29794
epoch: 47 train accuracy: 91.00, loss: 0.29525
epoch: 48 train accuracy: 91.00, loss: 0.29261
epoch: 49 train accuracy: 91.00, loss: 0.29002
epoch: 50 train accuracy: 91.00, loss: 0.28748
epoch: 51 train accuracy: 91.00, loss: 0.28499
epoch: 52 train accuracy: 92.00, loss: 0.28254
epoch: 53 train accuracy: 92.00, loss: 0.28014
epoch: 54 train accuracy: 92.00, loss: 0.27778
epoch: 55 train accuracy: 92.00, loss: 0.27546
epoch: 56 train accuracy: 92.00, loss: 0.27318
epoch: 57 train accuracy: 92.00, loss: 0.27094
epoch: 58 train accuracy: 92.00, loss: 0.26874
epoch: 59 train accuracy: 92.00, loss: 0.26657
epoch: 60 train accuracy: 93.00, loss: 0.26444
epoch: 61 train accuracy: 93.00, loss: 0.26234
epoch: 62 train accuracy: 93.00, loss: 0.26028
epoch: 63 train accuracy: 93.00, loss: 0.25825
epoch: 64 train accuracy: 93.00, loss: 0.25625
epoch: 65 train accuracy: 93.00, loss: 0.25428
epoch: 66 train accuracy: 93.00, loss: 0.25234
epoch: 67 train accuracy: 93.00, loss: 0.25043
epoch: 68 train accuracy: 93.00, loss: 0.24855
epoch: 69 train accuracy: 93.00, loss: 0.24669
epoch: 70 train accuracy: 93.00, loss: 0.24487
epoch: 71 train accuracy: 93.00, loss: 0.24307
epoch: 72 train accuracy: 93.00, loss: 0.24129
epoch: 73 train accuracy: 94.00, loss: 0.23954
epoch: 74 train accuracy: 94.00, loss: 0.23781
epoch: 75 train accuracy: 94.00, loss: 0.23611
epoch: 76 train accuracy: 94.00, loss: 0.23443
epoch: 77 train accuracy: 94.00, loss: 0.23278
epoch: 78 train accuracy: 94.00, loss: 0.23115
epoch: 79 train accuracy: 94.00, loss: 0.22954
epoch: 80 train accuracy: 94.00, loss: 0.22796
epoch: 81 train accuracy: 94.00, loss: 0.22639
epoch: 82 train accuracy: 94.00, loss: 0.22485
epoch: 83 train accuracy: 94.00, loss: 0.22333
epoch: 84 train accuracy: 94.00, loss: 0.22183
epoch: 85 train accuracy: 94.00, loss: 0.22035
epoch: 86 train accuracy: 94.00, loss: 0.21888
epoch: 87 train accuracy: 94.00, loss: 0.21744
epoch: 88 train accuracy: 94.00, loss: 0.21601
epoch: 89 train accuracy: 94.00, loss: 0.21461
epoch: 90 train accuracy: 94.00, loss: 0.21322
epoch: 91 train accuracy: 94.00, loss: 0.21185
epoch: 92 train accuracy: 94.00, loss: 0.21050
epoch: 93 train accuracy: 94.00, loss: 0.20916
epoch: 94 train accuracy: 94.00, loss: 0.20784
epoch: 95 train accuracy: 94.00, loss: 0.20654
epoch: 96 train accuracy: 94.00, loss: 0.20525
epoch: 97 train accuracy: 94.00, loss: 0.20398
epoch: 98 train accuracy: 94.00, loss: 0.20273
epoch: 99 train accuracy: 94.00, loss: 0.20149
test accuracy: 100.00
Done
